[kosmostabir.org/index.html]
[backblue.gif]
[fade.gif]
[index.html]
[static.tildacdn.com/tild3038-6436-4563-b233-366434376237/__.png]
[static.tildacdn.com/tild6364-3765-4561-a237-383065343732/mstile-150x150.png]
[static.tildacdn.com/tild3636-6465-4132-b034-333939646134/android-chrome-256x2.png]
[static.tildacdn.com/css/tilda-grid-3.0.min.css]
[ws.tildacdn.com/project1046957/tilda-blocks-2.1433ec.css]
[static.tildacdn.com/css/tilda-animation-1.0.min.css]
[static.tildacdn.com/css/tilda-forms-1.0.min.css]
[static.tildacdn.com/js/jquery-1.10.2.min.js]
[static.tildacdn.com/js/tilda-scripts-3.0.min.js]
[ws.tildacdn.com/project1046957/tilda-blocks-2.733ec.js]
[static.tildacdn.com/js/lazyload-1.3.min.js]
[static.tildacdn.com/js/tilda-animation-1.0.min.js]
[static.tildacdn.com/js/tilda-cover-1.0.min.js]
[static.tildacdn.com/js/tilda-events-1.0.min.js]
[static.tildacdn.com/js/tilda-forms-1.0.min.js]
[static.tildacdn.com/js/tilda-cart-1.0.min.js]
[kosmostabir.org/2022.html]
[kosmostabir.org/what.html]
[kosmostabir.org/films.html]
[kosmostabir.org/international.html]
[kosmostabir.org/fund.html]
[static.tildacdn.com/tild3231-3035-4337-b466-663835613634/-/resizeb/20x/photo_2022-01-11.jpg]
[static.tildacdn.com/tild6663-3931-4138-b564-323966613131/-/resizeb/20x/59569829_24135832853.jpg]
[static.tildacdn.com/tild3031-6265-4431-a534-343133396561/-/resizeb/20x/59350590_23357490233.jpg]
[static.tildacdn.com/tild6539-3031-4438-b038-323964343532/-/resizeb/20x/Filip.png]
[kosmostabir.org/rubacava_final.html]
[static.tildacdn.com/tild6661-6636-4163-a332-656538343634/-/resizeb/20x/DSCF4626_50.jpg]
[kosmostabir.org/acab.html]
[static.tildacdn.com/tild6162-3030-4261-b762-316566306465/-/resizeb/20x/image2_1.jpg]
[static.tildacdn.com/tild3931-6239-4031-b661-626338316363/-/empty/61921fd3b6ccd7d3fb4d.png]
[kosmostabir.org/tickettothemoon.html]
[kosmostabir.org/oferta.html]
[kosmostabir.org/userdata.html]
[static.tildacdn.com/js/tilda-promocode-1.0.min.js]
[kosmostabir.org/index.html]
[static.tildacdn.com/css/tilda-grid-3.0.min.css]
[ws.tildacdn.com/project1046957/tilda-blocks-2.1433ec.css]
[static.tildacdn.com/css/tilda-animation-1.0.min.css]
[static.tildacdn.com/css/tilda-forms-1.0.min.css]
[www.googletagmanager.com/gtm5445.html]
[static.tildacdn.com/js/tilda-stat-1.0.min.js]
[static.tildacdn.com/tild3466-3634-4963-b636-383937353139/cosmos_2022_5-07.jpg]
[ws.tildacdn.com/project1046957/tilda-blocks-2.14d44f.css]
[static.tildacdn.com/css/tilda-slds-1.4.min.css]
[static.tildacdn.com/css/tilda-zoom-2.0.min.css]
[static.tildacdn.com/css/tilda-popup-1.1.min.css]
[static.tildacdn.com/css/tilda-catalog-1.1.min.css]
[ws.tildacdn.com/project1046957/tilda-blocks-2.7d44f.js]
[static.tildacdn.com/js/tilda-slds-1.4.min.js]
[static.tildacdn.com/js/hammer.min.js]
[static.tildacdn.com/js/tilda-zoom-2.0.min.js]
[static.tildacdn.com/js/tilda-video-1.0.min.js]
[static.tildacdn.com/js/tilda-video-processor-1.0.min.js]
[static.tildacdn.com/js/tilda-products-1.0.min.js]
[kosmostabir.org/2022.html]
[static.tildacdn.com/js/tilda-catalog-1.1.min.js]
[static.tildacdn.com/tild6663-3931-4138-b564-323966613131/59569829_24135832853.jpg]
[ws.tildacdn.com/project1046957/tilda-blocks-2.148764.css]
[ws.tildacdn.com/project1046957/tilda-blocks-2.78764.js]
[static.tildacdn.com/tild6638-6637-4731-b631-626437363337/40164218_21753976494.jpg]
[static.tildacdn.com/tild6638-6637-4731-b631-626437363337/-/resizeb/20x/40164218_21753976494.jpg]
[static.tildacdn.com/tild6365-3366-4466-a461-643265386666/28516332_96775252338.jpg]
[static.tildacdn.com/tild6365-3366-4466-a461-643265386666/-/resizeb/20x/28516332_96775252338.jpg]
[static.tildacdn.com/tild3530-3363-4637-b537-363530343639/33677576_20895845513.jpg]
[static.tildacdn.com/tild3530-3363-4637-b537-363530343639/-/resizeb/20x/33677576_20895845513.jpg]
[static.tildacdn.com/tild3264-6538-4434-b165-616637383463/-/resizeb/20x/15035607_18172605785.jpg]
[static.tildacdn.com/tild3264-6538-4434-b165-616637383463/15035607_18172605785.jpg]
[static.tildacdn.com/tild3232-6234-4861-a338-663635626135/-/resizeb/20x/39981243_31714232218.jpg]
[static.tildacdn.com/tild3232-6234-4861-a338-663635626135/39981243_31714232218.jpg]
[static.tildacdn.com/tild6465-3665-4132-b466-656533383737/-/resizeb/20x/15056525_18768362502.jpg]
[static.tildacdn.com/tild6465-3665-4132-b466-656533383737/15056525_18768362502.jpg]
[static.tildacdn.com/tild3231-3332-4038-b333-643630353537/-/resizeb/20x/19620304_19257749910.jpg]
[static.tildacdn.com/tild3231-3332-4038-b333-643630353537/19620304_19257749910.jpg]
[static.tildacdn.com/tild3664-3633-4836-b837-353230306438/-/resizeb/20x/42836417_21963690273.jpg]
[static.tildacdn.com/tild3664-3633-4836-b837-353230306438/42836417_21963690273.jpg]
[static.tildacdn.com/tild6437-6161-4837-b562-333562303630/-/resizeb/20x/43952019_21251529441.jpg]
[static.tildacdn.com/tild6437-6161-4837-b562-333562303630/43952019_21251529441.jpg]
[static.tildacdn.com/tild6465-3261-4263-b738-303739373634/-/resizeb/20x/photo_2019-01-10_16-.jpg]
[static.tildacdn.com/tild6465-3261-4263-b738-303739373634/photo_2019-01-10_16-.jpg]
[static.tildacdn.com/tild3337-3633-4736-a465-613734366334/-/resizeb/20x/33764285_20895825113.jpg]
[static.tildacdn.com/tild3337-3633-4736-a465-613734366334/33764285_20895825113.jpg]
[kosmostabir.org/summerdream.html]
[kosmostabir.org/karnaval.html]
[kosmostabir.org/new21.html]
[static.tildacdn.com/tild3437-3334-4933-a561-623839353139/-/resizeb/20x/13413159_17325319070.jpg]
[static.tildacdn.com/tild3437-3334-4933-a561-623839353139/13413159_17325319070.jpg]
[static.tildacdn.com/tild3738-3037-4463-b131-306534343036/-/resizeb/20x/39144972_23310821071.jpg]
[static.tildacdn.com/tild3738-3037-4463-b131-306534343036/39144972_23310821071.jpg]
[static.tildacdn.com/tild3234-3661-4337-a465-393032616336/-/resizeb/20x/31531875_21419126960.jpg]
[static.tildacdn.com/tild3234-3661-4337-a465-393032616336/31531875_21419126960.jpg]
[static.tildacdn.com/tild3534-6638-4062-b536-636437366236/-/resizeb/20x/33746153_20895816379.jpg]
[static.tildacdn.com/tild3534-6638-4062-b536-636437366236/33746153_20895816379.jpg]
[static.tildacdn.com/tild3536-6539-4261-a639-613038396133/-/resizeb/20x/17622120_18770238125.jpg]
[static.tildacdn.com/tild3536-6539-4261-a639-613038396133/17622120_18770238125.jpg]
[static.tildacdn.com/tild3733-6566-4364-b562-363032653230/-/resizeb/20x/33692006_20895845113.jpg]
[static.tildacdn.com/tild3733-6566-4364-b562-363032653230/33692006_20895845113.jpg]
[static.tildacdn.com/tild3562-3661-4465-b763-356164306362/-/resizeb/20x/15259358_10207121965.jpg]
[static.tildacdn.com/tild3562-3661-4465-b763-356164306362/15259358_10207121965.jpg]
[static.tildacdn.com/tild3839-6431-4235-b536-376333343531/-/resizeb/20x/15194369_10207121952.jpg]
[static.tildacdn.com/tild3839-6431-4235-b536-376333343531/15194369_10207121952.jpg]
[kosmostabir.org/azavtra.html]
[kosmostabir.org/what.html]
[static.tildacdn.com/tild3031-6265-4431-a534-343133396561/59350590_23357490233.jpg]
[ws.tildacdn.com/project1046957/tilda-blocks-2.14b481.css]
[ws.tildacdn.com/project1046957/tilda-blocks-2.7b481.js]
[kosmostabir.org/expedition.html]
[static.tildacdn.com/tild6263-3234-4331-a531-333530336432/poster.jpg]
[static.tildacdn.com/tild6263-3234-4331-a531-333530336432/-/empty/poster.png]
[kosmostabir.org/singulart.html]
[static.tildacdn.com/tild3062-3163-4332-b930-663134326138/Singularity-Posters-.png]
[static.tildacdn.com/tild3062-3163-4332-b930-663134326138/-/empty/Singularity-Posters-.png]
[kosmostabir.org/films.html]
[static.tildacdn.com/tild6235-3931-4165-a336-613533336666/Screenshot_2022-02-1.png]
[ws.tildacdn.com/project1046957/tilda-blocks-2.14eda2.css]
[ws.tildacdn.com/project1046957/tilda-blocks-2.7eda2.js]
[static.tildacdn.com/js/tilda-animation-1.0.beta.min.js]
[kosmostabir.org/rubacava-95644.html]
[static.tildacdn.com/tild6234-3262-4437-a636-356536626365/Screenshot_2022-02-1.png]
[static.tildacdn.com/tild6234-3262-4437-a636-356536626365/-/empty/Screenshot_2022-02-1.png]
[kosmostabir.org/international.html]
[static.tildacdn.com/tild6539-3031-4438-b038-323964343532/Filip.png]
[static.tildacdn.com/tild3765-3466-4632-a564-386365656137/-/empty/57b6eb2047adffa5e54d.png]
[static.tildacdn.com/tild3765-3466-4632-a564-386365656137/57b6eb2047adffa5e54d.jpg]
[kosmostabir.org/fund.html]
[ws.tildacdn.com/project1046957/tilda-blocks-2.145615.css]
[static.tildacdn.com/css/tilda-menusub-1.0.min.css]
[ws.tildacdn.com/project1046957/tilda-blocks-2.75615.js]
[static.tildacdn.com/js/tilda-menusub-1.0.min.js]
[static.tildacdn.com/js/jquery.touchswipe.min.js]
[kosmostabir.org/rubacava_final_de.html]
[kosmostabir.org/rubacava-fest.html]
[static.tildacdn.com/tild6661-6636-4163-a332-656538343634/DSCF4626_50.jpg]
[static.tildacdn.com/tild6439-6362-4537-b032-323864393262/-/resizeb/20x/001531300018_50.jpg]
[static.tildacdn.com/tild6439-6362-4537-b032-323864393262/001531300018_50.jpg]
[static.tildacdn.com/tild6337-3138-4564-b331-356662376632/-/resizeb/20x/001533710030_50.jpg]
[static.tildacdn.com/tild6337-3138-4564-b331-356662376632/001533710030_50.jpg]
[static.tildacdn.com/tild3230-6234-4430-b935-666363366230/-/resizeb/20x/12_50.jpg]
[static.tildacdn.com/tild3230-6234-4430-b935-666363366230/12_50.jpg]
[static.tildacdn.com/tild6631-3030-4637-b463-633962363833/-/resizeb/20x/DSCF4015_50.jpg]
[static.tildacdn.com/tild6631-3030-4637-b463-633962363833/DSCF4015_50.jpg]
[static.tildacdn.com/tild6462-3065-4339-a133-393330306538/-/resizeb/20x/DSC_1890.jpg]
[static.tildacdn.com/tild6462-3065-4339-a133-393330306538/DSC_1890.jpg]
[static.tildacdn.com/tild6533-3734-4362-a633-626535626636/-/resizeb/20x/001531300015_1_50.jpg]
[static.tildacdn.com/tild6533-3734-4362-a633-626535626636/001531300015_1_50.jpg]
[static.tildacdn.com/tild3839-3531-4339-b265-366133626535/-/resizeb/20x/001531270005_50.jpg]
[static.tildacdn.com/tild3839-3531-4339-b265-366133626535/001531270005_50.jpg]
[static.tildacdn.com/tild3063-6138-4062-b166-353836666131/-/resizeb/20x/001531280029_1_50.jpg]
[static.tildacdn.com/tild3063-6138-4062-b166-353836666131/001531280029_1_50.jpg]
[static.tildacdn.com/tild3030-3534-4132-a533-363262313933/-/resizeb/20x/19_50.jpg]
[static.tildacdn.com/tild3030-3534-4132-a533-363262313933/19_50.jpg]
[kosmostabir.org/rubacava_collab.html]
[static.tildacdn.com/tild6162-3932-4134-b534-363238353237/-/resizeb/20x/12_50.jpg]
[kosmostabir.org/rubacava_materials.html]
[static.tildacdn.com/tild6265-6236-4664-a262-393865646330/-/resizeb/20x/001531300018.jpg]
[kosmostabir.org/rubacava_final.html]
[static.tildacdn.com/tild6162-3030-4261-b762-316566306465/image2_1.jpg]
[static.tildacdn.com/css/tilda-cover-1.0.min.css]
[static.tildacdn.com/tild6637-3366-4961-b638-346134336163/-/resize/20x/009_HYK4zPXoriginal.jpg]
[static.tildacdn.com/tild3439-3037-4532-a636-616539373339/-/resize/20x/image2.jpg]
[static.tildacdn.com/tild6632-6434-4466-b564-636435303535/-/resize/20x/aumo1roicvn41.jpg]
[static.tildacdn.com/tild6362-3762-4137-b762-656631646464/-/resize/20x/unnamed.jpg]
[kosmostabir.org/acab.html]
[static.tildacdn.com/tild3039-3265-4636-b934-356463643232/bras.jpg]
[static.tildacdn.com/tild3035-3761-4537-a234-386363303235/bras.jpg]
[static.tildacdn.com/tild3035-3761-4537-a234-386363303235/-/empty/bras.png]
[kosmostabir.org/cross.html]
[kosmostabir.org/tickettothemoon.html]
[static.tildacdn.com/tild3766-3166-4032-a261-303766336530/19437092_24805635234.jpg]
[static.tildacdn.com/tild6135-3366-4931-a637-346564326435/19437092_24805635234.jpg]
[static.tildacdn.com/tild6135-3366-4931-a637-346564326435/-/empty/19437092_24805635234.png]
[kosmostabir.org/oferta.html]
[kosmostabir.org/userdata.html]
[ws.tildacdn.com/project1046957/tilda-blocks-2.14d44f.css]
[static.tildacdn.com/css/tilda-slds-1.4.min.css]
[static.tildacdn.com/css/tilda-zoom-2.0.min.css]
[static.tildacdn.com/css/tilda-popup-1.1.min.css]
[static.tildacdn.com/css/tilda-catalog-1.1.min.css]
[ws.tildacdn.com/project1046957/tilda-blocks-2.148764.css]
[static.tildacdn.com/tild6661-3861-4639-b437-663663666165/perf-windows-1.jpg]
[kosmostabir.org/khoryv.html]
[static.tildacdn.com/tild3433-3835-4334-b734-316266666637/khoryv_garret_logo.png]
[kosmostabir.org/noo-photos.html]
[kosmostabir.org/holy-photos.html]
[kosmostabir.org/khoryv-videos.html]
[static.tildacdn.com/tild3061-6661-4135-b234-623939623766/postre-short.jpg]
[static.tildacdn.com/tild3061-6661-4135-b234-623939623766/-/empty/postre-short.png]
[static.tildacdn.com/tild6637-6330-4439-b965-313365643130/IMG_4002-small.jpg]
[static.tildacdn.com/tild6637-6330-4439-b965-313365643130/-/empty/IMG_4002-small.png]
[kosmostabir.org/manifest.html]
[static.tildacdn.com/tild3266-3266-4139-a433-633465646530/black-erd.jpg]
[static.tildacdn.com/tild3266-3266-4139-a433-633465646530/-/empty/black-erd.png]
[static.tildacdn.com/tild3165-6561-4261-b265-333136343834/anton.jpg]
[static.tildacdn.com/tild3165-6561-4261-b265-333136343834/-/empty/anton.png]
[static.tildacdn.com/tild3361-3662-4037-b764-633331643066/saw.jpg]
[static.tildacdn.com/tild3361-3662-4037-b764-633331643066/-/empty/saw.png]
[static.tildacdn.com/tild3335-3235-4563-b830-633031643435/mask-evening.jpg]
[static.tildacdn.com/tild3335-3235-4563-b830-633031643435/-/empty/mask-evening.png]
[static.tildacdn.com/tild3535-6538-4530-b031-633233383835/photo.jpg]
[static.tildacdn.com/tild3535-6538-4530-b031-633233383835/-/empty/photo.png]
[static.tildacdn.com/tild3039-3731-4634-a336-363238653733/dari.jpg]
[static.tildacdn.com/tild3039-3731-4634-a336-363238653733/-/empty/dari.png]
[static.tildacdn.com/tild6235-3565-4164-b464-316439326662/Sopromat.jpg]
[static.tildacdn.com/tild6235-3565-4164-b464-316439326662/-/empty/Sopromat.png]
[static.tildacdn.com/tild6539-3161-4532-a434-376536643038/33691391_20895830146.jpg]
[static.tildacdn.com/tild6539-3161-4532-a434-376536643038/-/empty/33691391_20895830146.png]
[static.tildacdn.com/tild3662-3831-4132-a531-336164326464/65246232_23201343815.jpg]
[static.tildacdn.com/tild3662-3831-4132-a531-336164326464/-/empty/65246232_23201343815.png]
[static.tildacdn.com/tild3132-3933-4337-b565-306566666166/bar.jpg]
[static.tildacdn.com/tild3132-3933-4337-b565-306566666166/-/empty/bar.png]
[static.tildacdn.com/tild6438-3064-4935-a463-396137656330/unreal.jpg]
[static.tildacdn.com/tild6438-3064-4935-a463-396137656330/-/empty/unreal.png]
[static.tildacdn.com/tild3861-3430-4865-b166-623831326539/dj-makro.jpg]
[static.tildacdn.com/tild3861-3430-4865-b166-623831326539/-/empty/dj-makro.png]
[static.tildacdn.com/tild3063-6264-4861-b464-326462393433/2019-06-29_22-01-28_.jpg]
[static.tildacdn.com/tild3063-6264-4861-b464-326462393433/-/empty/2019-06-29_22-01-28_.png]
[static.tildacdn.com/tild6366-3961-4561-b136-633732373534/svitanok.jpg]
[static.tildacdn.com/tild6366-3961-4561-b136-633732373534/-/empty/svitanok.png]
[static.tildacdn.com/tild6532-3734-4265-b136-653765323964/lyapipito.jpg]
[static.tildacdn.com/tild6532-3734-4265-b136-653765323964/-/empty/lyapipito.png]
[static.tildacdn.com/tild6635-3633-4332-b233-383938343432/kosmodno.jpg]
[static.tildacdn.com/tild6635-3633-4332-b233-383938343432/-/empty/kosmodno.png]
[static.tildacdn.com/tild3461-6664-4436-a236-346131643162/yarikkadulo.jpg]
[static.tildacdn.com/tild3461-6664-4436-a236-346131643162/-/empty/yarikkadulo.png]
[static.tildacdn.com/tild3239-3732-4339-a130-306537306531/PARH.jpg]
[static.tildacdn.com/tild3239-3732-4339-a130-306537306531/-/empty/PARH.png]
[static.tildacdn.com/tild6264-3739-4330-a132-346630333039/34f488823c5b1ca2e64f.jpg]
[static.tildacdn.com/tild6264-3739-4330-a132-346630333039/-/empty/34f488823c5b1ca2e64f.png]
[static.tildacdn.com/tild3362-3330-4566-b463-666564383663/pink3715.png]
[kosmostabir.org/summerdream.html]
[static.tildacdn.com/tild3739-6262-4530-a336-373564646533/-/resize/504x/photo.jpg]
[static.tildacdn.com/tild3739-6262-4530-a336-373564646533/photo.jpg]
[static.tildacdn.com/tild3739-6262-4530-a336-373564646533/-/empty/photo.png]
[static.tildacdn.com/tild3364-3037-4530-b938-343936386531/-/resize/20x/weed.jpg]
[static.tildacdn.com/tild6539-3330-4138-b230-343538323533/1.jpg]
[static.tildacdn.com/tild6539-3330-4138-b230-343538323533/-/empty/1.png]
[static.tildacdn.com/tild3938-3037-4030-b930-353962353233/4.jpg]
[static.tildacdn.com/tild3938-3037-4030-b930-353962353233/-/empty/4.png]
[static.tildacdn.com/tild3931-3030-4133-b832-626133316562/loha.jpg]
[static.tildacdn.com/tild3931-3030-4133-b832-626133316562/-/empty/loha.png]
[static.tildacdn.com/tild6539-6136-4535-a234-666630333532/77029982_59681953448.jpg]
[static.tildacdn.com/tild6539-6136-4535-a234-666630333532/-/empty/77029982_59681953448.png]
[static.tildacdn.com/tild6664-6435-4532-b131-613139316233/70447187_11399459985.jpg]
[static.tildacdn.com/tild6664-6435-4532-b131-613139316233/-/empty/70447187_11399459985.png]
[static.tildacdn.com/tild3036-6438-4530-a432-333834396330/tea.jpg]
[static.tildacdn.com/tild3036-6438-4530-a432-333834396330/-/empty/tea.png]
[static.tildacdn.com/tild3530-6333-4965-b832-333438363363/IMG_7001.jpg]
[static.tildacdn.com/tild3530-6333-4965-b832-333438363363/-/empty/IMG_7001.png]
[static.tildacdn.com/tild3234-6338-4133-b761-386532333437/DSC07987.jpg]
[static.tildacdn.com/tild3234-6338-4133-b761-386532333437/-/empty/DSC07987.png]
[static.tildacdn.com/tild6234-3265-4632-a264-616230376533/noroot.png]
[static.tildacdn.com/tild6234-3265-4632-a264-616230376533/-/empty/noroot.png]
[static.tildacdn.com/tild3762-3163-4466-a334-313537643730/glit2.jpg]
[static.tildacdn.com/tild3762-3163-4466-a334-313537643730/-/empty/glit2.png]
[static.tildacdn.com/tild3234-3963-4361-a433-626431363833/bozhena.jpg]
[static.tildacdn.com/tild3234-3963-4361-a433-626431363833/-/empty/bozhena.png]
[static.tildacdn.com/tild6631-6534-4161-b139-356632323836/sovu.jpg]
[static.tildacdn.com/tild6631-6534-4161-b139-356632323836/-/empty/sovu.png]
[static.tildacdn.com/tild6539-3265-4238-a433-366230313434/IMG_6908.jpg]
[static.tildacdn.com/tild6539-3265-4238-a433-366230313434/-/empty/IMG_6908.png]
[static.tildacdn.com/tild6432-3432-4134-b930-313638306138/bar.jpg]
[static.tildacdn.com/tild6432-3432-4134-b930-313638306138/-/empty/bar.png]
[static.tildacdn.com/tild3834-6532-4339-b962-383434313966/5.jpg]
[static.tildacdn.com/tild3834-6532-4339-b962-383434313966/-/empty/5.png]
[static.tildacdn.com/tild3662-6364-4664-b063-366235386564/valer.jpg]
[static.tildacdn.com/tild3662-6364-4664-b063-366235386564/-/empty/valer.png]
[static.tildacdn.com/tild6531-3634-4331-b735-626463653063/3.jpg]
[static.tildacdn.com/tild6531-3634-4331-b735-626463653063/-/empty/3.png]
[kosmostabir.org/karnaval.html]
[static.tildacdn.com/tild3435-3033-4237-a164-373836376535/art-zamok.jpg]
[static.tildacdn.com/tild3430-3436-4232-b736-613465623333/-/empty/IMG_3489.png]
[static.tildacdn.com/tild3430-3436-4232-b736-613465623333/IMG_3489.jpg]
[static.tildacdn.com/tild3536-3738-4236-a161-326361653662/-/empty/path3715.png]
[static.tildacdn.com/tild3037-6630-4164-a439-643232333637/-/empty/logocircle.png]
[static.tildacdn.com/tild6436-6331-4034-a130-333936386236/-/empty/noroot.png]
[static.tildacdn.com/tild6664-3766-4166-b738-383231393661/-/empty/pho.png]
[static.tildacdn.com/tild6162-3362-4364-b737-323634643561/PXL_20201030_2348564.jpg]
[static.tildacdn.com/tild6162-3362-4364-b737-323634643561/-/resizeb/20x/PXL_20201030_2348564.jpg]
[static.tildacdn.com/tild3764-3038-4634-b134-326535613336/PXL_20201210_2052282.jpg]
[static.tildacdn.com/tild3764-3038-4634-b134-326535613336/-/resizeb/20x/PXL_20201210_2052282.jpg]
[static.tildacdn.com/tild6663-3862-4164-a564-643230313931/PXL_20201119_1854348.jpg]
[static.tildacdn.com/tild6663-3862-4164-a564-643230313931/-/resizeb/20x/PXL_20201119_1854348.jpg]
[static.tildacdn.com/tild6666-6633-4365-b635-376463356163/PXL_20201014_2147139.jpg]
[static.tildacdn.com/tild6666-6633-4365-b635-376463356163/-/resizeb/20x/PXL_20201014_2147139.jpg]
[static.tildacdn.com/tild3066-6633-4262-a163-313432383534/PXL_20201210_2104084.jpg]
[static.tildacdn.com/tild3066-6633-4262-a163-313432383534/-/resizeb/20x/PXL_20201210_2104084.jpg]
[static.tildacdn.com/tild3132-6266-4531-b238-306532613962/-/empty/photo_2020-12-29_20-.png]
[static.tildacdn.com/tild3132-6266-4531-b238-306532613962/photo_2020-12-29_20-.jpg]
[static.tildacdn.com/tild3634-6665-4363-b664-343235346435/-/empty/noroot.png]
[static.tildacdn.com/tild3634-6665-4363-b664-343235346435/noroot.png]
[static.tildacdn.com/tild3966-3237-4531-a462-313938633463/-/empty/PXL_20201014_2207163.png]
[static.tildacdn.com/tild3966-3237-4531-a462-313938633463/PXL_20201014_2207163.jpg]
[kosmostabir.org/new21.html]
[kosmostabir.org/sanatoriya60x.html]
[static.tildacdn.com/tild6666-3530-4361-b737-613332643336/IMG_2610__2.jpg]
[ws.tildacdn.com/project1046957/tilda-blocks-2.14bbb8.css]
[ws.tildacdn.com/project1046957/tilda-blocks-2.7bbb8.js]
[static.tildacdn.com/tild3961-6562-4264-a338-376261366235/_1_21-_-_.jpg]
[static.tildacdn.com/tild3961-6562-4264-a338-376261366235/-/empty/_1_21-_-_.png]
[static.tildacdn.com/tild3665-3634-4037-b162-613434353862/-/resizeb/20x/191002000122920027-1.jpg]
[static.tildacdn.com/tild3665-3634-4037-b162-613434353862/191002000122920027-1.jpg]
[static.tildacdn.com/tild3662-6633-4235-b830-343162343765/-/resizeb/20x/191002000122910037.jpg]
[static.tildacdn.com/tild3662-6633-4235-b830-343162343765/191002000122910037.jpg]
[static.tildacdn.com/tild3064-3739-4632-a133-313734393336/-/resizeb/20x/F8BB5157-0F89-4DD5-8.jpg]
[static.tildacdn.com/tild3064-3739-4632-a133-313734393336/F8BB5157-0F89-4DD5-8.jpg]
[static.tildacdn.com/tild6362-3364-4034-a136-386435613635/-/empty/photo_2019-12-14_15-.png]
[static.tildacdn.com/tild6362-3364-4034-a136-386435613635/photo_2019-12-14_15-.jpg]
[static.tildacdn.com/tild3163-3539-4637-b062-353436633162/191002000122970012.jpg]
[static.tildacdn.com/tild3163-3539-4637-b062-353436633162/-/resizeb/20x/191002000122970012.jpg]
[static.tildacdn.com/tild6163-3661-4466-a434-333734396438/80F4D464-1FF7-4B69-A.jpg]
[static.tildacdn.com/tild6163-3661-4466-a434-333734396438/-/resizeb/20x/80F4D464-1FF7-4B69-A.jpg]
[static.tildacdn.com/tild3738-6637-4964-b664-383730333334/191002000122920038.jpg]
[static.tildacdn.com/tild3738-6637-4964-b664-383730333334/-/resizeb/20x/191002000122920038.jpg]
[static.tildacdn.com/tild3833-3563-4435-a433-343965633261/-/resizeb/20x/photo_2020-02-19_19-.jpg]
[static.tildacdn.com/tild3833-3563-4435-a433-343965633261/photo_2020-02-19_19-.jpg]
[static.tildacdn.com/tild6233-3033-4435-a330-656361646663/-/resizeb/20x/photo_2020-02-19_18-.jpg]
[static.tildacdn.com/tild6233-3033-4435-a330-656361646663/photo_2020-02-19_18-.jpg]
[static.tildacdn.com/tild3863-6634-4538-b566-646137333163/-/resizeb/20x/photo_2020-02-19_18-.jpg]
[static.tildacdn.com/tild3863-6634-4538-b566-646137333163/photo_2020-02-19_18-.jpg]
[kosmostabir.org/azavtra.html]
[ws.tildacdn.com/project1046957/tilda-blocks-2.14b481.css]
[static.tildacdn.com/tild3134-3437-4231-a637-666132306533/poster.jpg]
[static.tildacdn.com/tild6437-6536-4166-b332-633665363333/-/resize/20x/22829435_89983759017.jpg]
[static.tildacdn.com/tild3066-6563-4130-a462-386134343266/2018-03-14_19-39-49_.jpg]
[static.tildacdn.com/tild3066-6563-4130-a462-386134343266/-/resizeb/20x/2018-03-14_19-39-49_.jpg]
[static.tildacdn.com/tild6464-3739-4337-b563-386164323134/DSC05948.jpg]
[static.tildacdn.com/tild6464-3739-4337-b563-386164323134/-/resizeb/20x/DSC05948.jpg]
[static.tildacdn.com/tild6465-3762-4163-a636-656638616137/2018-03-14_20-12-59_.jpg]
[static.tildacdn.com/tild6465-3762-4163-a636-656638616137/-/resizeb/20x/2018-03-14_20-12-59_.jpg]
[static.tildacdn.com/tild3664-3762-4461-b533-646334313662/2018-03-14_20-08-15_.jpg]
[static.tildacdn.com/tild3664-3762-4461-b533-646334313662/-/resizeb/20x/2018-03-14_20-08-15_.jpg]
[static.tildacdn.com/tild3861-3135-4537-a130-386130356637/31531875_21419126960.jpg]
[static.tildacdn.com/tild3861-3135-4537-a130-386130356637/-/resizeb/20x/31531875_21419126960.jpg]
[static.tildacdn.com/tild3337-3963-4364-b632-336365613330/31945874_21419125760.jpg]
[static.tildacdn.com/tild3337-3963-4364-b632-336365613330/-/resizeb/20x/31945874_21419125760.jpg]
[static.tildacdn.com/tild3863-6563-4663-a365-376265393832/31914123_21419127093.jpg]
[static.tildacdn.com/tild3863-6563-4663-a365-376265393832/-/resizeb/20x/31914123_21419127093.jpg]
[static.tildacdn.com/tild3265-3961-4434-b139-643361623035/31939585_21419122193.jpg]
[static.tildacdn.com/tild3265-3961-4434-b139-643361623035/-/resizeb/20x/31939585_21419122193.jpg]
[static.tildacdn.com/tild3630-6538-4331-b265-333433383566/31948462_21419125926.jpg]
[static.tildacdn.com/tild3630-6538-4331-b265-333433383566/-/resizeb/20x/31948462_21419125926.jpg]
[static.tildacdn.com/tild3835-3963-4566-b963-616632363061/28618856_16012048666.jpg]
[static.tildacdn.com/tild3835-3963-4566-b963-616632363061/-/resizeb/20x/28618856_16012048666.jpg]
[static.tildacdn.com/tild3062-6631-4463-b538-316532616365/28700706_16012045966.jpg]
[static.tildacdn.com/tild3062-6631-4463-b538-316532616365/-/resizeb/20x/28700706_16012045966.jpg]
[static.tildacdn.com/tild3837-6235-4630-a231-626463383238/28514829_16012047132.jpg]
[static.tildacdn.com/tild3837-6235-4630-a231-626463383238/-/resizeb/20x/28514829_16012047132.jpg]
[static.tildacdn.com/tild3965-3833-4635-b363-303461373734/28516638_16012043932.jpg]
[static.tildacdn.com/tild3965-3833-4635-b363-303461373734/-/resizeb/20x/28516638_16012043932.jpg]
[static.tildacdn.com/tild3231-6162-4461-a566-323834643238/28424749_16012045766.jpg]
[static.tildacdn.com/tild3231-6162-4461-a566-323834643238/-/resizeb/20x/28424749_16012045766.jpg]
[static.tildacdn.com/tild3334-3062-4230-b631-336436666337/28515170_16012045299.jpg]
[static.tildacdn.com/tild3334-3062-4230-b631-336436666337/-/resizeb/20x/28515170_16012045299.jpg]
[static.tildacdn.com/tild3766-6464-4835-b266-316231666137/28514563_16012044766.jpg]
[static.tildacdn.com/tild3766-6464-4835-b266-316231666137/-/resizeb/20x/28514563_16012044766.jpg]
[kosmostabir.org/expedition.html]
[static.tildacdn.com/tild6338-3637-4131-a233-616637316539/59350590_23357490233.jpg]
[static.tildacdn.com/tild3863-6337-4666-b364-646135313332/-/resize/20x/59350590_23357490233.jpg]
[static.tildacdn.com/tild3638-6539-4133-a338-656337396437/59589795_23370586999.jpg]
[static.tildacdn.com/tild3638-6539-4133-a338-656337396437/-/resizeb/20x/59589795_23370586999.jpg]
[static.tildacdn.com/tild3836-3234-4635-b832-653939623834/51822196_22843310051.jpg]
[static.tildacdn.com/tild3836-3234-4635-b832-653939623834/-/resizeb/20x/51822196_22843310051.jpg]
[static.tildacdn.com/tild6336-3631-4562-b532-323161653863/52033891_22843308851.jpg]
[static.tildacdn.com/tild6336-3631-4562-b532-323161653863/-/resizeb/20x/52033891_22843308851.jpg]
[static.tildacdn.com/tild3132-6235-4962-b566-613038396237/60573533_23485701387.jpg]
[static.tildacdn.com/tild3132-6235-4962-b566-613038396237/-/resizeb/20x/60573533_23485701387.jpg]
[static.tildacdn.com/tild3932-6662-4633-a339-666338306236/51899598_22843328985.jpg]
[static.tildacdn.com/tild3932-6662-4633-a339-666338306236/-/resizeb/20x/51899598_22843328985.jpg]
[static.tildacdn.com/tild3366-3965-4633-a462-613538326131/51914313_22843323085.jpg]
[static.tildacdn.com/tild3366-3965-4633-a462-613538326131/-/resizeb/20x/51914313_22843323085.jpg]
[static.tildacdn.com/tild6461-3633-4232-a162-353864626238/52002794_22843321551.jpg]
[static.tildacdn.com/tild6461-3633-4232-a162-353864626238/-/resizeb/20x/52002794_22843321551.jpg]
[static.tildacdn.com/tild3966-3831-4564-b338-633864663365/52389995_22843327051.jpg]
[static.tildacdn.com/tild3966-3831-4564-b338-633864663365/-/resizeb/20x/52389995_22843327051.jpg]
[kosmostabir.org/singulart.html]
[ws.tildacdn.com/project1046957/tilda-blocks-2.14eda2.css]
[static.tildacdn.com/tild3332-6334-4565-b466-626233343836/event-cover2-.png]
[ws.tildacdn.com/project1046957/tilda-blocks-2.1427dc.css]
[kosmostabir.org/rubacava-95644.html]
[kosmostabir.org/t.me/kosmos_workshop.html]
[ws.tildacdn.com/project1046957/tilda-blocks-2.145615.css]
[static.tildacdn.com/css/tilda-menusub-1.0.min.css]
[ws.tildacdn.com/project1046957/tilda-blocks-2.727dc.js]
[kosmostabir.org/freethenipple.html]
[kosmostabir.org/rubacava_final_de.html]
[static.tildacdn.com/tild3764-6335-4538-a335-353765653039/photo_2021-09-20_02-.jpg]
[static.tildacdn.com/tild6238-3633-4533-b532-383663336261/photo_2021-09-20_03-.jpg]
[static.tildacdn.com/tild6238-3633-4533-b532-383663336261/-/empty/photo_2021-09-20_03-.png]
[static.tildacdn.com/tild6161-3134-4931-b962-326362666535/photo_2021-09-12_15-.jpg]
[static.tildacdn.com/tild6161-3134-4931-b962-326362666535/-/empty/photo_2021-09-12_15-.png]
[static.tildacdn.com/tild3431-3339-4265-a635-353837643561/photo_2021-09-15_21-.jpg]
[static.tildacdn.com/tild3431-3339-4265-a635-353837643561/-/empty/photo_2021-09-15_21-.png]
[static.tildacdn.com/tild3430-6236-4532-b866-356239333463/__2021-09-20__023816.png]
[static.tildacdn.com/tild3430-6236-4532-b866-356239333463/-/empty/__2021-09-20__023816.png]
[static.tildacdn.com/tild6533-6165-4663-a466-326136643861/71290077_35144933652.jpg]
[static.tildacdn.com/tild6533-6165-4663-a466-326136643861/-/empty/71290077_35144933652.png]
[kosmostabir.org/rubacava-fest.html]
[static.tildacdn.com/tild6162-3932-4134-b534-363238353237/-/resize/20x/12_50.jpg]
[kosmostabir.org/rubacava_collab.html]
[static.tildacdn.com/tild6265-6236-4664-a262-393865646330/-/resize/20x/001531300018.jpg]
[kosmostabir.org/rubacava_materials.html]
[static.tildacdn.com/css/tilda-cover-1.0.min.css]
[static.tildacdn.com/tild6439-3937-4133-b161-313037333965/_-04.jpg]
[kosmostabir.org/boarding.html]
[kosmostabir.org/9th.html]
[kosmostabir.org/food.html]
[kosmostabir.org/where.html]
[kosmostabir.org/shuttle.html]
[kosmostabir.org/sporyaga-kosmonavta.html]
[kosmostabir.org/pryncyp-bezsmittevosti.html]
[kosmostabir.org/music2021.html]
[kosmostabir.org/quietcamp.html]
[kosmostabir.org/bicycle.html]
[kosmostabir.org/barvinok.html]
[kosmostabir.org/tme-ksms.html]
[kosmostabir.org/cross.html]
[kosmostabir.org/_a href=.html]
[static.tildacdn.com/tild6434-3237-4762-b530-343733373738/photo.jpg]
[static.tildacdn.com/tild6235-3437-4262-b434-306533373930/asthik.jpg]
[static.tildacdn.com/tild6235-3437-4262-b434-306533373930/-/empty/asthik.png]
[static.tildacdn.com/tild3635-3539-4231-a339-653462643565/perf.jpg]
[static.tildacdn.com/tild3635-3539-4231-a339-653462643565/-/empty/perf.png]
[static.tildacdn.com/tild3232-3963-4630-b733-373835383939/-/resizeb/20x/cool-tumblr.jpg]
[kosmostabir.org/khroyv-photos.html]
[static.tildacdn.com/tild6463-3435-4761-a237-366336336633/-/resizeb/20x/kosmos.jpg]
[static.tildacdn.com/tild6531-6466-4331-a532-623534623437/-/resizeb/20x/as.jpg]
[kosmostabir.org/khoryv.html]
[static.tildacdn.com/tild3562-6666-4436-a261-366164363630/PARH.jpg]
[static.tildacdn.com/tild6339-6530-4431-b039-636364343335/-/resizeb/20x/wind.jpg]
[static.tildacdn.com/tild6339-6530-4431-b039-636364343335/wind.jpg]
[static.tildacdn.com/tild3532-3132-4637-b639-356162353338/-/resizeb/20x/loha.jpg]
[static.tildacdn.com/tild3532-3132-4637-b639-356162353338/loha.jpg]
[static.tildacdn.com/tild6261-6236-4739-b063-616238373966/-/resizeb/20x/dj-close.jpg]
[static.tildacdn.com/tild6261-6236-4739-b063-616238373966/dj-close.jpg]
[static.tildacdn.com/tild3534-6464-4861-b639-623464636233/-/resizeb/20x/PARH.jpg]
[static.tildacdn.com/tild3534-6464-4861-b639-623464636233/PARH.jpg]
[static.tildacdn.com/tild3566-6261-4831-b532-633438366338/-/resizeb/20x/roof_top.jpg]
[static.tildacdn.com/tild3566-6261-4831-b532-633438366338/roof_top.jpg]
[static.tildacdn.com/tild6231-6566-4331-b566-646162646663/-/resizeb/20x/valer.jpg]
[static.tildacdn.com/tild6231-6566-4331-b566-646162646663/valer.jpg]
[static.tildacdn.com/tild3630-3964-4337-a333-613336643366/-/resizeb/20x/benjpidval.jpg]
[static.tildacdn.com/tild3630-3964-4337-a333-613336643366/benjpidval.jpg]
[static.tildacdn.com/tild3066-3536-4438-b631-383165613265/-/resizeb/20x/mask-evening.jpg]
[static.tildacdn.com/tild3066-3536-4438-b631-383165613265/mask-evening.jpg]
[static.tildacdn.com/tild3034-3739-4035-b130-616634633031/-/resizeb/20x/perfff.jpg]
[static.tildacdn.com/tild3034-3739-4035-b130-616634633031/perfff.jpg]
[static.tildacdn.com/tild6338-3730-4633-b665-346334316666/-/resizeb/20x/cadulo.jpg]
[static.tildacdn.com/tild6338-3730-4633-b665-346334316666/cadulo.jpg]
[static.tildacdn.com/tild6431-3164-4337-b866-323034616461/-/resizeb/20x/cactus.jpg]
[static.tildacdn.com/tild6431-3164-4337-b866-323034616461/cactus.jpg]
[static.tildacdn.com/tild3034-6266-4362-b362-646131666430/-/resizeb/20x/maskc.jpg]
[static.tildacdn.com/tild3034-6266-4362-b362-646131666430/maskc.jpg]
[static.tildacdn.com/tild6234-3331-4332-b861-346632626333/-/resizeb/20x/duck.jpg]
[static.tildacdn.com/tild6234-3331-4332-b861-346632626333/duck.jpg]
[static.tildacdn.com/tild3262-3938-4765-b738-353334363832/-/resizeb/20x/night.jpg]
[static.tildacdn.com/tild3262-3938-4765-b738-353334363832/night.jpg]
[static.tildacdn.com/tild3538-6564-4331-b861-316337363935/-/resizeb/20x/ludm.jpg]
[static.tildacdn.com/tild3538-6564-4331-b861-316337363935/ludm.jpg]
[static.tildacdn.com/tild3737-3134-4665-a534-616562646532/-/resizeb/20x/perf-windows-2.jpg]
[static.tildacdn.com/tild3737-3134-4665-a534-616562646532/perf-windows-2.jpg]
[static.tildacdn.com/tild6263-3633-4163-b961-643866326539/-/resizeb/20x/GUSIN_fora.jpg]
[static.tildacdn.com/tild6263-3633-4163-b961-643866326539/GUSIN_fora.jpg]
[static.tildacdn.com/tild3762-3737-4432-b762-323562323962/-/resizeb/20x/shoot.jpg]
[static.tildacdn.com/tild3762-3737-4432-b762-323562323962/shoot.jpg]
[static.tildacdn.com/tild6137-6231-4137-a334-323334623336/-/resizeb/20x/woolf2.jpg]
[static.tildacdn.com/tild6137-6231-4137-a334-323334623336/woolf2.jpg]
[static.tildacdn.com/tild6630-3363-4361-a132-346361646661/-/resizeb/20x/pahomyi.jpg]
[static.tildacdn.com/tild6630-3363-4361-a132-346361646661/pahomyi.jpg]
[static.tildacdn.com/tild3939-3363-4430-b236-343632323636/-/resizeb/20x/chill_girls.jpg]
[static.tildacdn.com/tild3939-3363-4430-b236-343632323636/chill_girls.jpg]
[static.tildacdn.com/tild3164-3563-4630-a363-393665623634/-/resizeb/20x/boy.jpg]
[static.tildacdn.com/tild3164-3563-4630-a363-393665623634/boy.jpg]
[static.tildacdn.com/tild3132-6637-4862-a462-366362613433/-/resizeb/20x/nick-mos-vert-ninja.jpg]
[static.tildacdn.com/tild3132-6637-4862-a462-366362613433/nick-mos-vert-ninja.jpg]
[static.tildacdn.com/tild3963-3461-4361-b935-323230366662/-/resizeb/20x/navigatiomn.jpg]
[static.tildacdn.com/tild3963-3461-4361-b935-323230366662/navigatiomn.jpg]
[static.tildacdn.com/tild6663-3065-4737-b038-396365313466/-/resizeb/20x/dvizh.jpg]
[static.tildacdn.com/tild6663-3065-4737-b038-396365313466/dvizh.jpg]
[static.tildacdn.com/tild3632-6261-4333-a133-333464323635/-/resizeb/20x/alex_mykh.jpg]
[static.tildacdn.com/tild3632-6261-4333-a133-333464323635/alex_mykh.jpg]
[static.tildacdn.com/tild3732-3131-4939-b161-613737356261/-/resizeb/20x/mykolla.jpg]
[static.tildacdn.com/tild3732-3131-4939-b161-613737356261/mykolla.jpg]
[static.tildacdn.com/tild3663-3230-4537-a131-636162326262/-/resizeb/20x/ursatuiy-three.jpg]
[static.tildacdn.com/tild3663-3230-4537-a131-636162326262/ursatuiy-three.jpg]
[static.tildacdn.com/tild6166-3733-4234-b933-393832363261/-/resizeb/20x/lights.jpg]
[static.tildacdn.com/tild6166-3733-4234-b933-393832363261/lights.jpg]
[static.tildacdn.com/tild3839-3438-4462-b032-616638653437/-/resizeb/20x/yaroslav.jpg]
[static.tildacdn.com/tild3839-3438-4462-b032-616638653437/yaroslav.jpg]
[kosmostabir.org/noo-photos.html]
[static.tildacdn.com/tild3438-3238-4235-a232-626564393234/ros.jpg]
[static.tildacdn.com/tild3764-6532-4739-a464-376165306264/-/resizeb/20x/ew.jpg]
[static.tildacdn.com/tild3764-6532-4739-a464-376165306264/ew.jpg]
[static.tildacdn.com/tild3264-6238-4836-a463-353265303766/-/resizeb/20x/IMG_3953.jpg]
[static.tildacdn.com/tild3264-6238-4836-a463-353265303766/IMG_3953.jpg]
[static.tildacdn.com/tild3466-3464-4163-a362-353738376133/-/resizeb/20x/fdsf.jpg]
[static.tildacdn.com/tild3466-3464-4163-a362-353738376133/fdsf.jpg]
[static.tildacdn.com/tild3565-3930-4439-b039-653461386233/-/resizeb/20x/ros.jpg]
[static.tildacdn.com/tild3565-3930-4439-b039-653461386233/ros.jpg]
[static.tildacdn.com/tild6233-6462-4832-b364-323031666238/-/resizeb/20x/12.jpg]
[static.tildacdn.com/tild6233-6462-4832-b364-323031666238/12.jpg]
[static.tildacdn.com/tild3936-3239-4532-a466-656161666338/-/resizeb/20x/nick.jpg]
[static.tildacdn.com/tild3936-3239-4532-a466-656161666338/nick.jpg]
[static.tildacdn.com/tild3130-3863-4961-b936-323266313239/-/resizeb/20x/IMG_3941.jpg]
[static.tildacdn.com/tild3130-3863-4961-b936-323266313239/IMG_3941.jpg]
[static.tildacdn.com/tild3834-3365-4831-b034-323136346638/-/resizeb/20x/urs.jpg]
[static.tildacdn.com/tild3834-3365-4831-b034-323136346638/urs.jpg]
[static.tildacdn.com/tild3566-3466-4737-b763-383666656133/-/resizeb/20x/ewe.jpg]
[static.tildacdn.com/tild3566-3466-4737-b763-383666656133/ewe.jpg]
[static.tildacdn.com/tild6639-3764-4664-b938-383863626665/-/resizeb/20x/fdd.jpg]
[static.tildacdn.com/tild6639-3764-4664-b938-383863626665/fdd.jpg]
[static.tildacdn.com/tild6230-6139-4330-a535-303065636539/-/resizeb/20x/photo.jpg]
[static.tildacdn.com/tild6230-6139-4330-a535-303065636539/photo.jpg]
[static.tildacdn.com/tild3436-3239-4139-b666-626231613937/-/resizeb/20x/s.jpg]
[static.tildacdn.com/tild3436-3239-4139-b666-626231613937/s.jpg]
[static.tildacdn.com/tild6361-3838-4933-b937-613835636536/-/resizeb/20x/kartoin.jpg]
[static.tildacdn.com/tild6361-3838-4933-b937-613835636536/kartoin.jpg]
[static.tildacdn.com/tild6264-3263-4233-b665-396563666134/-/resizeb/20x/velu.jpg]
[static.tildacdn.com/tild6264-3263-4233-b665-396563666134/velu.jpg]
[static.tildacdn.com/tild6564-6462-4533-a364-343961303532/-/resizeb/20x/oleg.jpg]
[static.tildacdn.com/tild6564-6462-4533-a364-343961303532/oleg.jpg]
[static.tildacdn.com/tild3431-3036-4165-b661-373161353563/-/resizeb/20x/art.jpg]
[static.tildacdn.com/tild3431-3036-4165-b661-373161353563/art.jpg]
[static.tildacdn.com/tild6435-3663-4531-a237-643038363631/-/resizeb/20x/as.jpg]
[static.tildacdn.com/tild6435-3663-4531-a237-643038363631/as.jpg]
[static.tildacdn.com/tild3836-3562-4764-a534-616335303762/-/resizeb/20x/iusp.jpg]
[static.tildacdn.com/tild3836-3562-4764-a534-616335303762/iusp.jpg]
[static.tildacdn.com/tild6239-3635-4361-b363-653138333162/-/resizeb/20x/inside.jpg]
[static.tildacdn.com/tild6239-3635-4361-b363-653138333162/inside.jpg]
[static.tildacdn.com/tild3539-3938-4361-a665-646363363635/-/resizeb/20x/sing.jpg]
[static.tildacdn.com/tild3539-3938-4361-a665-646363363635/sing.jpg]
[static.tildacdn.com/tild3464-6139-4236-a636-636432393233/-/resizeb/20x/christ.jpg]
[static.tildacdn.com/tild3464-6139-4236-a636-636432393233/christ.jpg]
[static.tildacdn.com/tild3161-3733-4531-a163-623834623230/-/resizeb/20x/polun.jpg]
[static.tildacdn.com/tild3161-3733-4531-a163-623834623230/polun.jpg]
[kosmostabir.org/holy-photos.html]
[static.tildacdn.com/tild6531-6466-4331-a532-623534623437/as.jpg]
[kosmostabir.org/khoryv-videos.html]
[static.tildacdn.com/tild3865-3139-4136-a261-666536653066/1200628_c1.jpg]
[static.tildacdn.com/tild3561-3338-4166-b335-653362303536/-/resize/20x/noroot.png]
[static.tildacdn.com/tild6263-3463-4162-a533-323333326438/-/empty/65826681_23808699121.png]
[static.tildacdn.com/tild6438-3835-4933-a437-633439356332/-/empty/65850700_23808669321.png]
[static.tildacdn.com/tild6363-6366-4638-a637-363936393962/-/empty/2019-06-29_11-28-39_.png]
[static.tildacdn.com/tild3737-6632-4063-b031-396162653734/-/empty/65770357_23808712688.png]
[static.tildacdn.com/tild6336-3530-4732-a533-663532303664/-/empty/2019-06-29_13-37-53_.png]
[kosmostabir.org/everyone.html]
[static.tildacdn.com/tild3563-6538-4964-a237-646639626566/-/empty/65525461_23808639488.png]
[static.tildacdn.com/tild3436-3037-4531-b532-663062636137/-/empty/66017846_23808600955.png]
[static.tildacdn.com/tild3761-6135-4434-b233-623131346438/-/empty/2019-06-29_10-56-23_.png]
[static.tildacdn.com/tild3034-6633-4234-a136-326633396633/-/resize/20x/noroot.png]
[static.tildacdn.com/tild6530-3435-4630-b934-396433366136/-/resize/20x/noroot.png]
[kosmostabir.org/manifest.html]
[ws.tildacdn.com/project1046957/tilda-blocks-2.14bbb8.css]
[ws.tildacdn.com/project1046957/tilda-blocks-2.1427dc.css]
[kosmostabir.org/freethenipples_en.html]
[kosmostabir.org/freethenipple.html]
[static.tildacdn.com/tild3665-3131-4961-a235-613534306162/-02.jpg]
[ws.tildacdn.com/project1046957/tilda-blocks-2.143001.css]
[kosmostabir.org/boarding.html]
[ws.tildacdn.com/project1046957/tilda-blocks-2.73001.js]
[static.tildacdn.com/tild6237-3133-4364-b333-653738323939/-/resize/504x/000982660034.jpg]
[static.tildacdn.com/tild6237-3133-4364-b333-653738323939/-/resize/20x/000982660034.jpg]
[static.tildacdn.com/tild6263-3039-4561-b664-393265323465/-/resize/20x/IMG_20200815_234655.jpg]
[static.tildacdn.com/tild3062-3734-4039-b838-373031356335/000982660038.jpg]
[static.tildacdn.com/tild3062-3734-4039-b838-373031356335/-/resizeb/20x/000982660038.jpg]
[static.tildacdn.com/tild6161-3766-4930-b865-303861326435/image_2021-02-07_01-.png]
[static.tildacdn.com/tild6161-3766-4930-b865-303861326435/-/resizeb/20x/image_2021-02-07_01-.png]
[static.tildacdn.com/tild6565-6465-4133-b339-343130333163/DSC_4500_2.jpg]
[static.tildacdn.com/tild6565-6465-4133-b339-343130333163/-/resizeb/20x/DSC_4500_2.jpg]
[static.tildacdn.com/tild3838-3763-4961-a336-346234376365/FLY-96.jpg]
[static.tildacdn.com/tild3838-3763-4961-a336-346234376365/-/resizeb/20x/FLY-96.jpg]
[static.tildacdn.com/tild3965-6462-4238-b865-373236313763/2020-08-14_13-53-19_.jpg]
[static.tildacdn.com/tild3965-6462-4238-b865-373236313763/-/resizeb/20x/2020-08-14_13-53-19_.jpg]
[static.tildacdn.com/tild3564-3166-4938-b336-643337633132/2020-08-14_15-09-11_.jpg]
[static.tildacdn.com/tild3564-3166-4938-b336-643337633132/-/resizeb/20x/2020-08-14_15-09-11_.jpg]
[static.tildacdn.com/tild3931-3132-4433-b662-386133656163/2020-08-14_17-34-55_.jpg]
[static.tildacdn.com/tild3931-3132-4433-b662-386133656163/-/resizeb/20x/2020-08-14_17-34-55_.jpg]
[static.tildacdn.com/tild6435-3438-4861-a166-616661613338/2020-08-14_19-20-38_.jpg]
[static.tildacdn.com/tild6435-3438-4861-a166-616661613338/-/resizeb/20x/2020-08-14_19-20-38_.jpg]
[static.tildacdn.com/tild3937-3964-4364-b765-376566643063/2020-08-15_18-49-52_.jpg]
[static.tildacdn.com/tild3937-3964-4364-b765-376566643063/-/resizeb/20x/2020-08-15_18-49-52_.jpg]
[static.tildacdn.com/tild6234-3236-4134-b862-306133316537/IMG_8894.jpg]
[static.tildacdn.com/tild6234-3236-4134-b862-306133316537/-/resizeb/20x/IMG_8894.jpg]
[static.tildacdn.com/tild3136-3637-4561-a230-656434346638/2020-08-15_17-14-46_.jpg]
[static.tildacdn.com/tild3136-3637-4561-a230-656434346638/-/resizeb/20x/2020-08-15_17-14-46_.jpg]
[static.tildacdn.com/tild3937-3238-4333-b463-343364373165/-/resize/20x/image_2021-02-07_01-.png]
[kosmostabir.org/9th.html]
[static.tildacdn.com/tild3535-6238-4362-b538-623132353062/-/resize/504x/noroot.png]
[ws.tildacdn.com/project1046957/tilda-blocks-2.14148a.css]
[ws.tildacdn.com/project1046957/tilda-blocks-2.7148a.js]
[static.tildacdn.com/tild3535-6238-4362-b538-623132353062/-/resize/20x/noroot.png]
[static.tildacdn.com/tild6239-3431-4232-a630-636234623830/photo_2021-08-07_22-.jpg]
[static.tildacdn.com/tild6239-3431-4232-a630-636234623830/-/empty/photo_2021-08-07_22-.png]
[static.tildacdn.com/tild3032-3765-4331-a436-313162666536/photo_2021-08-07_23-.jpg]
[static.tildacdn.com/tild3032-3765-4331-a436-313162666536/-/resizeb/20x/photo_2021-08-07_23-.jpg]
[static.tildacdn.com/tild6632-3234-4137-b932-303263356132/photo_2021-08-07_23-.jpg]
[static.tildacdn.com/tild6632-3234-4137-b932-303263356132/-/resizeb/20x/photo_2021-08-07_23-.jpg]
[static.tildacdn.com/tild3566-3636-4730-b863-303266303236/photo_2021-08-07_23-.jpg]
[static.tildacdn.com/tild3566-3636-4730-b863-303266303236/-/resizeb/20x/photo_2021-08-07_23-.jpg]
[static.tildacdn.com/tild3039-3436-4463-a364-663165363335/photo_2021-08-07_23-.jpg]
[static.tildacdn.com/tild3039-3436-4463-a364-663165363335/-/resizeb/20x/photo_2021-08-07_23-.jpg]
[static.tildacdn.com/tild3832-3138-4262-b663-633665343464/photo_2021-08-07_23-.jpg]
[static.tildacdn.com/tild3832-3138-4262-b663-633665343464/-/resizeb/20x/photo_2021-08-07_23-.jpg]
[static.tildacdn.com/tild3238-3439-4132-b037-646662643239/2020-08-14_14-42-28_.jpg]
[static.tildacdn.com/tild3238-3439-4132-b037-646662643239/-/empty/2020-08-14_14-42-28_.png]
[static.tildacdn.com/tild3962-6363-4133-b762-326265386162/photo_2021-08-04_17-.jpg]
[static.tildacdn.com/tild3962-6363-4133-b762-326265386162/-/resizeb/20x/photo_2021-08-04_17-.jpg]
[static.tildacdn.com/tild3239-3561-4639-b866-646165636638/photo_2021-07-30_12-.jpg]
[static.tildacdn.com/tild3239-3561-4639-b866-646165636638/-/resizeb/20x/photo_2021-07-30_12-.jpg]
[static.tildacdn.com/tild3738-3833-4936-b234-393266393334/photo_2021-08-05_13-.jpg]
[static.tildacdn.com/tild3738-3833-4936-b234-393266393334/-/resizeb/20x/photo_2021-08-05_13-.jpg]
[static.tildacdn.com/tild3030-3330-4536-b835-333862643737/photo_2021-08-05_13-.jpg]
[static.tildacdn.com/tild3030-3330-4536-b835-333862643737/-/resizeb/20x/photo_2021-08-05_13-.jpg]
[static.tildacdn.com/tild3561-6637-4739-a331-366333393166/photo_2021-08-05_13-.jpg]
[static.tildacdn.com/tild3561-6637-4739-a331-366333393166/-/resizeb/20x/photo_2021-08-05_13-.jpg]
[static.tildacdn.com/tild3266-6162-4639-a533-356163366136/-/empty/photo_2021-05-25_20-.png]
[static.tildacdn.com/tild6136-3033-4332-a536-633533663961/voda_1.jpg]
[static.tildacdn.com/tild6136-3033-4332-a536-633533663961/-/empty/voda_1.png]
[static.tildacdn.com/tild3665-3131-4961-a235-613534306162/-/resizeb/20x/-02.jpg]
[static.tildacdn.com/tild3761-3632-4232-a634-663666336138/-/resizeb/20x/2020-08-14_16-08-06_.jpg]
[static.tildacdn.com/tild3361-3436-4662-b462-353436616534/-/resizeb/20x/IMG_7654.jpg]
[static.tildacdn.com/tild3838-3165-4231-b236-353234363766/-/resizeb/20x/214061825_2995867080.jpg]
[kosmostabir.org/food.html]
[static.tildacdn.com/tild3962-6665-4165-a634-356434633664/-/resize/504x/19399816_15815311718.jpg]
[static.tildacdn.com/tild3962-6665-4165-a634-356434633664/19399816_15815311718.jpg]
[static.tildacdn.com/tild3962-6665-4165-a634-356434633664/-/empty/19399816_15815311718.png]
[kosmostabir.org/where.html]
[static.tildacdn.com/tild3530-6539-4638-a431-323937666331/42864390_21965069039.jpg]
[static.tildacdn.com/tild3965-6333-4035-b263-383939646433/-/resize/20x/42864390_21965069039.jpg]
[static.tildacdn.com/tild3339-3861-4337-b436-633633666566/-/resizeb/20x/2019-06-29_22-52-57_.jpg]
[static.tildacdn.com/tild3962-6665-4165-a634-356434633664/-/resizeb/20x/19399816_15815311718.jpg]
[kosmostabir.org/shuttle.html]
[static.tildacdn.com/tild3339-3861-4337-b436-633633666566/-/resize/504x/2019-06-29_22-52-57_.jpg]
[static.tildacdn.com/tild3339-3861-4337-b436-633633666566/-/resize/20x/2019-06-29_22-52-57_.jpg]
[static.tildacdn.com/tild3566-6436-4465-b932-346236346235/skafandr_1.jpg]
[static.tildacdn.com/tild3566-6436-4465-b932-346236346235/-/empty/skafandr_1.png]
[static.tildacdn.com/tild3463-6639-4662-b463-366639383237/ekipa_1.jpg]
[static.tildacdn.com/tild3463-6639-4662-b463-366639383237/-/empty/ekipa_1.png]
[static.tildacdn.com/tild6336-3239-4331-b431-356234393566/chil_1.jpg]
[static.tildacdn.com/tild6336-3239-4331-b431-356234393566/-/empty/chil_1.png]
[static.tildacdn.com/tild3936-3662-4762-a332-393064363462/smittya_1.jpg]
[static.tildacdn.com/tild3936-3662-4762-a332-393064363462/-/empty/smittya_1.png]
[static.tildacdn.com/tild3030-3939-4665-b839-646663616438/alko_1.jpg]
[static.tildacdn.com/tild3030-3939-4665-b839-646663616438/-/empty/alko_1.png]
[static.tildacdn.com/tild3431-6135-4233-b430-336564653636/apt_1.jpg]
[static.tildacdn.com/tild3431-6135-4233-b430-336564653636/-/empty/apt_1.png]
[static.tildacdn.com/tild3736-6336-4366-b831-303833663237/-/resizeb/20x/5450.jpg]
[kosmostabir.org/sporyaga-kosmonavta.html]
[static.tildacdn.com/tild3736-6336-4366-b831-303833663237/5450.jpg]
[static.tildacdn.com/tild3438-3766-4665-b362-336334333233/2636f436d8e824a403cf.jpg]
[static.tildacdn.com/tild3438-3766-4665-b362-336334333233/-/empty/2636f436d8e824a403cf.png]
[static.tildacdn.com/tild6439-3937-4133-b161-313037333965/-/resizeb/20x/_-04.jpg]
[static.tildacdn.com/tild6237-3133-4364-b333-653738323939/-/resizeb/20x/000982660034.jpg]
[kosmostabir.org/pryncyp-bezsmittevosti.html]
[static.tildacdn.com/tild3863-3432-4537-b436-373138346564/FLY-128.jpg]
[static.tildacdn.com/tild3534-3866-4438-b830-376366306364/-/resize/20x/FLY-128.jpg]
[static.tildacdn.com/tild3137-3639-4630-a666-616632306438/-/resize/20x/noroot.png]
[kosmostabir.org/music2021.html]
[static.tildacdn.com/tild3761-3632-4232-a634-663666336138/2020-08-14_16-08-06_.jpg]
[static.tildacdn.com/tild3766-3231-4634-a566-656364353539/-/resize/20x/noroot.png]
[static.tildacdn.com/tild3662-3164-4432-b537-633261643538/-/resize/20x/FLY-21.jpg]
[static.tildacdn.com/tild3535-3733-4133-b036-373436346439/noroot.png]
[static.tildacdn.com/tild3535-3733-4133-b036-373436346439/-/empty/noroot.png]
[kosmostabir.org/quietcamp.html]
[static.tildacdn.com/tild3664-3139-4332-b637-366563383036/-/resize/504x/kosmos-avk.jpg]
[static.tildacdn.com/tild3664-3139-4332-b637-366563383036/-/resize/20x/kosmos-avk.jpg]
[static.tildacdn.com/tild6434-3165-4033-b232-396533363236/photo_2020-08-17_22-.jpg]
[static.tildacdn.com/tild6434-3165-4033-b232-396533363236/-/empty/photo_2020-08-17_22-.png]
[static.tildacdn.com/tild3939-3237-4162-a638-636631626432/photo_2020-08-17_22-.jpg]
[static.tildacdn.com/tild3939-3237-4162-a638-636631626432/-/empty/photo_2020-08-17_22-.png]
[kosmostabir.org/bicycle.html]
[static.tildacdn.com/tild3361-3436-4662-b462-353436616534/-/resize/504x/IMG_7654.jpg]
[static.tildacdn.com/tild3361-3436-4662-b462-353436616534/-/resize/20x/IMG_7654.jpg]
[static.tildacdn.com/tild3537-3933-4437-b433-323631343038/-/resize/20x/1-184.jpg]
[static.tildacdn.com/tild3465-3861-4538-a435-343230663830/19425160_31602210881.jpg]
[static.tildacdn.com/tild3465-3861-4538-a435-343230663830/-/empty/19425160_31602210881.png]
[kosmostabir.org/barvinok.html]
[static.tildacdn.com/tild3838-3165-4231-b236-353234363766/214061825_2995867080.jpg]
[kosmostabir.org/tme-ksms.html]
[static.tildacdn.com/tild6463-3435-4761-a237-366336336633/kosmos.jpg]
[static.tildacdn.com/tild3562-6666-4436-a261-366164363630/-/resizeb/20x/PARH.jpg]
[static.tildacdn.com/tild3438-3238-4235-a232-626564393234/-/resizeb/20x/ros.jpg]
[kosmostabir.org/khroyv-photos.html]
[static.tildacdn.com/tild3537-3236-4735-b963-656164353362/-/resize/504x/noroot.png]
[static.tildacdn.com/tild3537-3236-4735-b963-656164353362/-/resizeb/20x/noroot.png]
[kosmostabir.org/everyone.html]
[kosmostabir.org/freethenipples_en.html]
[ws.tildacdn.com/project1046957/tilda-blocks-2.143001.css]
[ws.tildacdn.com/project1046957/tilda-blocks-2.14148a.css]
